[eva日记]2023/03/04 - 12:30:23.266	[34minfo[0m	/Users/bytedance/go/src/eva/initialize/gorm.go:58	register table success
[eva日记]2023/03/04 - 12:30:23.272	[34minfo[0m	/Users/bytedance/go/src/eva/initialize/redis.go:22	redis connect ping response:	{"pong": "PONG"}
[eva日记]2023/03/04 - 12:30:23.272	[34minfo[0m	/Users/bytedance/go/src/eva/initialize/router.go:36	use middleware cors
[eva日记]2023/03/04 - 12:30:23.274	[34minfo[0m	/Users/bytedance/go/src/eva/initialize/router.go:86	router register success
[eva日记]2023/03/04 - 12:30:23.274	[34minfo[0m	/Users/bytedance/go/src/eva/core/server.go:35	server run success on 	{"address": ":9999"}
[eva日记]2023/03/04 - 16:37:59.955	[34minfo[0m	/Users/bytedance/go/src/eva/initialize/gorm.go:58	register table success
[eva日记]2023/03/04 - 16:37:59.959	[34minfo[0m	/Users/bytedance/go/src/eva/initialize/redis.go:22	redis connect ping response:	{"pong": "PONG"}
[eva日记]2023/03/04 - 16:37:59.979	[34minfo[0m	/Users/bytedance/go/src/eva/initialize/router.go:36	use middleware cors
[eva日记]2023/03/04 - 16:37:59.980	[34minfo[0m	/Users/bytedance/go/src/eva/initialize/router.go:86	router register success
[eva日记]2023/03/04 - 16:37:59.980	[34minfo[0m	/Users/bytedance/go/src/eva/core/server.go:36	server run success on 	{"address": ":9999"}
[eva日记]2023/03/04 - 17:34:40.777	[34minfo[0m	/Users/bytedance/go/src/eva/initialize/redis.go:22	redis connect ping response:	{"pong": "PONG"}
[eva日记]2023/03/04 - 17:34:40.781	[34minfo[0m	/Users/bytedance/go/src/eva/initialize/router.go:36	use middleware cors
[eva日记]2023/03/04 - 17:34:40.782	[34minfo[0m	/Users/bytedance/go/src/eva/initialize/router.go:86	router register success
[eva日记]2023/03/04 - 17:34:40.782	[34minfo[0m	/Users/bytedance/go/src/eva/core/server.go:36	server run success on 	{"address": ":9999"}
[eva日记]2023/03/04 - 17:39:00.729	[34minfo[0m	/Users/bytedance/go/src/eva/initialize/redis.go:22	redis connect ping response:	{"pong": "PONG"}
[eva日记]2023/03/04 - 17:39:00.735	[34minfo[0m	/Users/bytedance/go/src/eva/initialize/router.go:36	use middleware cors
[eva日记]2023/03/04 - 17:39:00.736	[34minfo[0m	/Users/bytedance/go/src/eva/initialize/router.go:86	router register success
[eva日记]2023/03/04 - 17:39:00.736	[34minfo[0m	/Users/bytedance/go/src/eva/core/server.go:36	server run success on 	{"address": ":9999"}
[eva日记]2023/03/04 - 18:13:39.089	[34minfo[0m	/Users/bytedance/go/src/eva/initialize/redis.go:22	redis connect ping response:	{"pong": "PONG"}
[eva日记]2023/03/04 - 18:13:39.125	[34minfo[0m	/Users/bytedance/go/src/eva/initialize/router.go:36	use middleware cors
[eva日记]2023/03/04 - 18:13:39.127	[34minfo[0m	/Users/bytedance/go/src/eva/initialize/router.go:86	router register success
[eva日记]2023/03/04 - 18:13:39.127	[34minfo[0m	/Users/bytedance/go/src/eva/core/server.go:36	server run success on 	{"address": ":9999"}
[eva日记]2023/03/04 - 18:18:02.229	[34minfo[0m	/Users/bytedance/go/src/eva/initialize/redis.go:22	redis connect ping response:	{"pong": "PONG"}
[eva日记]2023/03/04 - 18:18:02.235	[34minfo[0m	/Users/bytedance/go/src/eva/initialize/router.go:36	use middleware cors
[eva日记]2023/03/04 - 18:18:02.236	[34minfo[0m	/Users/bytedance/go/src/eva/initialize/router.go:86	router register success
[eva日记]2023/03/04 - 18:18:02.236	[34minfo[0m	/Users/bytedance/go/src/eva/core/server.go:36	server run success on 	{"address": ":9999"}
[eva日记]2023/03/04 - 20:29:28.608	[34minfo[0m	/Users/bytedance/go/src/eva/initialize/redis.go:22	redis connect ping response:	{"pong": "PONG"}
[eva日记]2023/03/04 - 20:29:28.613	[34minfo[0m	/Users/bytedance/go/src/eva/initialize/router.go:36	use middleware cors
[eva日记]2023/03/04 - 20:29:28.613	[34minfo[0m	/Users/bytedance/go/src/eva/initialize/router.go:86	router register success
[eva日记]2023/03/04 - 20:29:28.614	[34minfo[0m	/Users/bytedance/go/src/eva/core/server.go:36	server run success on 	{"address": ":9999"}
[eva日记]2023/03/04 - 20:35:46.980	[34minfo[0m	/Users/bytedance/go/src/eva/initialize/redis.go:22	redis connect ping response:	{"pong": "PONG"}
[eva日记]2023/03/04 - 20:35:46.984	[34minfo[0m	/Users/bytedance/go/src/eva/initialize/router.go:36	use middleware cors
[eva日记]2023/03/04 - 20:35:46.984	[34minfo[0m	/Users/bytedance/go/src/eva/initialize/router.go:86	router register success
[eva日记]2023/03/04 - 20:35:46.984	[34minfo[0m	/Users/bytedance/go/src/eva/core/server.go:36	server run success on 	{"address": ":9999"}
[eva日记]2023/03/04 - 20:49:59.050	[34minfo[0m	/Users/bytedance/go/src/eva/initialize/redis.go:22	redis connect ping response:	{"pong": "PONG"}
[eva日记]2023/03/04 - 20:49:59.054	[34minfo[0m	/Users/bytedance/go/src/eva/initialize/router.go:36	use middleware cors
[eva日记]2023/03/04 - 20:49:59.055	[34minfo[0m	/Users/bytedance/go/src/eva/initialize/router.go:86	router register success
[eva日记]2023/03/04 - 20:49:59.055	[34minfo[0m	/Users/bytedance/go/src/eva/core/server.go:36	server run success on 	{"address": ":9999"}
[eva日记]2023/03/04 - 21:45:19.736	[34minfo[0m	/Users/bytedance/go/src/eva/initialize/redis.go:22	redis connect ping response:	{"pong": "PONG"}
[eva日记]2023/03/04 - 21:45:19.740	[34minfo[0m	/Users/bytedance/go/src/eva/initialize/router.go:36	use middleware cors
[eva日记]2023/03/04 - 21:45:19.741	[34minfo[0m	/Users/bytedance/go/src/eva/initialize/router.go:86	router register success
[eva日记]2023/03/04 - 21:45:19.741	[34minfo[0m	/Users/bytedance/go/src/eva/core/server.go:36	server run success on 	{"address": ":9999"}
[eva日记]2023/03/04 - 21:55:28.796	[34minfo[0m	/Users/bytedance/go/src/eva/initialize/redis.go:22	redis connect ping response:	{"pong": "PONG"}
[eva日记]2023/03/04 - 21:55:28.800	[34minfo[0m	/Users/bytedance/go/src/eva/initialize/router.go:36	use middleware cors
[eva日记]2023/03/04 - 21:55:28.801	[34minfo[0m	/Users/bytedance/go/src/eva/initialize/router.go:86	router register success
[eva日记]2023/03/04 - 21:55:28.801	[34minfo[0m	/Users/bytedance/go/src/eva/core/server.go:36	server run success on 	{"address": ":9999"}
[eva日记]2023/03/04 - 21:56:37.903	[34minfo[0m	/Users/bytedance/go/src/eva/initialize/redis.go:22	redis connect ping response:	{"pong": "PONG"}
[eva日记]2023/03/04 - 21:56:37.908	[34minfo[0m	/Users/bytedance/go/src/eva/initialize/router.go:36	use middleware cors
[eva日记]2023/03/04 - 21:56:37.909	[34minfo[0m	/Users/bytedance/go/src/eva/initialize/router.go:86	router register success
[eva日记]2023/03/04 - 21:56:37.909	[34minfo[0m	/Users/bytedance/go/src/eva/core/server.go:36	server run success on 	{"address": ":9999"}
[eva日记]2023/03/04 - 21:59:50.696	[34minfo[0m	/Users/bytedance/go/src/eva/initialize/redis.go:22	redis connect ping response:	{"pong": "PONG"}
[eva日记]2023/03/04 - 21:59:50.700	[34minfo[0m	/Users/bytedance/go/src/eva/initialize/router.go:36	use middleware cors
[eva日记]2023/03/04 - 21:59:50.703	[34minfo[0m	/Users/bytedance/go/src/eva/initialize/router.go:86	router register success
[eva日记]2023/03/04 - 21:59:50.703	[34minfo[0m	/Users/bytedance/go/src/eva/core/server.go:36	server run success on 	{"address": ":9999"}
[eva日记]2023/03/04 - 22:00:52.701	[34minfo[0m	/Users/bytedance/go/src/eva/initialize/redis.go:22	redis connect ping response:	{"pong": "PONG"}
[eva日记]2023/03/04 - 22:00:52.705	[34minfo[0m	/Users/bytedance/go/src/eva/initialize/router.go:36	use middleware cors
[eva日记]2023/03/04 - 22:00:52.706	[34minfo[0m	/Users/bytedance/go/src/eva/initialize/router.go:86	router register success
[eva日记]2023/03/04 - 22:00:52.706	[34minfo[0m	/Users/bytedance/go/src/eva/core/server.go:36	server run success on 	{"address": ":9999"}
[eva日记]2023/03/04 - 22:05:41.855	[34minfo[0m	/Users/bytedance/go/src/eva/initialize/redis.go:22	redis connect ping response:	{"pong": "PONG"}
[eva日记]2023/03/04 - 22:05:41.859	[34minfo[0m	/Users/bytedance/go/src/eva/initialize/router.go:36	use middleware cors
[eva日记]2023/03/04 - 22:05:41.861	[34minfo[0m	/Users/bytedance/go/src/eva/initialize/router.go:86	router register success
[eva日记]2023/03/04 - 22:05:41.861	[34minfo[0m	/Users/bytedance/go/src/eva/core/server.go:36	server run success on 	{"address": ":9999"}
[eva日记]2023/03/04 - 22:08:59.344	[34minfo[0m	/Users/bytedance/go/src/eva/initialize/redis.go:22	redis connect ping response:	{"pong": "PONG"}
[eva日记]2023/03/04 - 22:08:59.348	[34minfo[0m	/Users/bytedance/go/src/eva/initialize/router.go:36	use middleware cors
[eva日记]2023/03/04 - 22:08:59.349	[34minfo[0m	/Users/bytedance/go/src/eva/initialize/router.go:86	router register success
[eva日记]2023/03/04 - 22:08:59.349	[34minfo[0m	/Users/bytedance/go/src/eva/core/server.go:36	server run success on 	{"address": ":9999"}
[eva日记]2023/03/04 - 22:40:57.516	[34minfo[0m	/Users/bytedance/go/src/eva/initialize/redis.go:22	redis connect ping response:	{"pong": "PONG"}
[eva日记]2023/03/04 - 22:40:57.524	[34minfo[0m	/Users/bytedance/go/src/eva/initialize/router.go:36	use middleware cors
[eva日记]2023/03/04 - 22:40:57.525	[34minfo[0m	/Users/bytedance/go/src/eva/initialize/router.go:86	router register success
[eva日记]2023/03/04 - 22:40:57.525	[34minfo[0m	/Users/bytedance/go/src/eva/core/server.go:36	server run success on 	{"address": ":9999"}
[eva日记]2023/03/04 - 22:46:48.509	[34minfo[0m	/Users/bytedance/go/src/eva/initialize/redis.go:22	redis connect ping response:	{"pong": "PONG"}
[eva日记]2023/03/04 - 22:46:48.557	[34minfo[0m	/Users/bytedance/go/src/eva/initialize/router.go:36	use middleware cors
[eva日记]2023/03/04 - 22:46:48.558	[34minfo[0m	/Users/bytedance/go/src/eva/initialize/router.go:86	router register success
[eva日记]2023/03/04 - 22:46:48.558	[34minfo[0m	/Users/bytedance/go/src/eva/core/server.go:36	server run success on 	{"address": ":9999"}
