[eva日记]2022/11/12 - 15:42:32.600	[34minfo[0m	/Users/bytedance/go/src/eva/initialize/gorm.go:56	register table success
[eva日记]2022/11/12 - 15:42:32.604	[34minfo[0m	/Users/bytedance/go/src/eva/initialize/router.go:34	use middleware cors
[eva日记]2022/11/12 - 15:42:32.605	[34minfo[0m	/Users/bytedance/go/src/eva/initialize/router.go:78	router register success
[eva日记]2022/11/12 - 15:42:32.606	[34minfo[0m	/Users/bytedance/go/src/eva/core/server.go:35	server run success on 	{"address": ":9999"}
[eva日记]2022/11/12 - 15:43:01.894	[34minfo[0m	/Users/bytedance/go/src/eva/initialize/gorm.go:56	register table success
[eva日记]2022/11/12 - 15:43:01.897	[34minfo[0m	/Users/bytedance/go/src/eva/initialize/router.go:34	use middleware cors
[eva日记]2022/11/12 - 15:43:01.898	[34minfo[0m	/Users/bytedance/go/src/eva/initialize/router.go:78	router register success
[eva日记]2022/11/12 - 15:43:01.898	[34minfo[0m	/Users/bytedance/go/src/eva/core/server.go:35	server run success on 	{"address": ":9999"}
[eva日记]2022/11/12 - 22:02:48.492	[34minfo[0m	/Users/bytedance/go/src/eva/initialize/gorm.go:56	register table success
[eva日记]2022/11/12 - 22:02:48.496	[34minfo[0m	/Users/bytedance/go/src/eva/initialize/router.go:34	use middleware cors
[eva日记]2022/11/12 - 22:02:48.497	[34minfo[0m	/Users/bytedance/go/src/eva/initialize/router.go:78	router register success
[eva日记]2022/11/12 - 22:02:48.498	[34minfo[0m	/Users/bytedance/go/src/eva/core/server.go:35	server run success on 	{"address": ":9999"}
[eva日记]2022/11/12 - 22:04:07.514	[34minfo[0m	/Users/bytedance/go/src/eva/initialize/gorm.go:56	register table success
[eva日记]2022/11/12 - 22:04:07.517	[34minfo[0m	/Users/bytedance/go/src/eva/initialize/router.go:34	use middleware cors
[eva日记]2022/11/12 - 22:04:07.517	[34minfo[0m	/Users/bytedance/go/src/eva/initialize/router.go:78	router register success
[eva日记]2022/11/12 - 22:04:07.517	[34minfo[0m	/Users/bytedance/go/src/eva/core/server.go:35	server run success on 	{"address": ":9999"}
[eva日记]2022/11/12 - 22:10:15.800	[34minfo[0m	/Users/bytedance/go/src/eva/initialize/gorm.go:56	register table success
[eva日记]2022/11/12 - 22:10:15.804	[34minfo[0m	/Users/bytedance/go/src/eva/initialize/router.go:34	use middleware cors
[eva日记]2022/11/12 - 22:10:15.804	[34minfo[0m	/Users/bytedance/go/src/eva/initialize/router.go:78	router register success
[eva日记]2022/11/12 - 22:10:15.804	[34minfo[0m	/Users/bytedance/go/src/eva/core/server.go:35	server run success on 	{"address": ":9999"}
[eva日记]2022/11/12 - 22:23:19.971	[34minfo[0m	/Users/bytedance/go/src/eva/initialize/gorm.go:56	register table success
[eva日记]2022/11/12 - 22:23:19.981	[34minfo[0m	/Users/bytedance/go/src/eva/initialize/router.go:34	use middleware cors
[eva日记]2022/11/12 - 22:23:19.982	[34minfo[0m	/Users/bytedance/go/src/eva/initialize/router.go:78	router register success
[eva日记]2022/11/12 - 22:23:19.982	[34minfo[0m	/Users/bytedance/go/src/eva/core/server.go:35	server run success on 	{"address": ":9999"}
[eva日记]2022/11/12 - 22:35:59.926	[34minfo[0m	/Users/bytedance/go/src/eva/initialize/gorm.go:56	register table success
[eva日记]2022/11/12 - 22:35:59.930	[34minfo[0m	/Users/bytedance/go/src/eva/initialize/redis.go:22	redis connect ping response:	{"pong": "PONG"}
[eva日记]2022/11/12 - 22:35:59.930	[34minfo[0m	/Users/bytedance/go/src/eva/initialize/router.go:34	use middleware cors
[eva日记]2022/11/12 - 22:35:59.931	[34minfo[0m	/Users/bytedance/go/src/eva/initialize/router.go:78	router register success
[eva日记]2022/11/12 - 22:35:59.931	[34minfo[0m	/Users/bytedance/go/src/eva/core/server.go:35	server run success on 	{"address": ":9999"}
