[evaæ—¥è®°]2022/11/05 - 17:07:56.417	[31merror[0m	/Users/bytedance/go/src/eva/core/server.go:43	net.Listen error: listen tcp :9999: bind: address already in use
[evaæ—¥è®°]2022/11/05 - 17:08:57.302	[31merror[0m	/Users/bytedance/go/src/eva/utils/clamis.go:15	ä»Ginçš„Contextä¸­è·å–ä»jwtè§£æä¿¡æ¯å¤±è´¥, è¯·æ£€æŸ¥è¯·æ±‚å¤´æ˜¯å¦å­˜åœ¨x-tokenä¸”claimsæ˜¯å¦ä¸ºè§„å®šç»“æ„
[evaæ—¥è®°]2022/11/05 - 17:11:22.090	[31merror[0m	/Users/bytedance/go/src/eva/core/server.go:43	accept tcp [::]:9999: use of closed network connection
[evaæ—¥è®°]2022/11/05 - 17:13:29.260	[31merror[0m	/Users/bytedance/go/src/eva/core/server.go:43	accept tcp [::]:9999: use of closed network connection
[evaæ—¥è®°]2022/11/05 - 17:14:20.120	[31merror[0m	/Users/bytedance/go/src/eva/core/server.go:43	accept tcp [::]:9999: use of closed network connection
[evaæ—¥è®°]2022/11/05 - 17:16:19.832	[31merror[0m	/Users/bytedance/go/src/eva/core/server.go:43	accept tcp [::]:9999: use of closed network connection
[evaæ—¥è®°]2022/11/05 - 17:20:30.298	[31merror[0m	/Users/bytedance/go/src/eva/core/server.go:43	accept tcp [::]:9999: use of closed network connection
[evaæ—¥è®°]2022/11/05 - 17:53:00.357	[31merror[0m	/Users/bytedance/go/src/eva/core/server.go:43	accept tcp [::]:9999: use of closed network connection
[evaæ—¥è®°]2022/11/05 - 17:53:14.408	[31merror[0m	/Users/bytedance/go/src/eva/core/server.go:43	net.Listen error: listen tcp :9999: bind: address already in use
[evaæ—¥è®°]2022/11/05 - 17:53:26.751	[31merror[0m	/Users/bytedance/go/src/eva/core/server.go:43	accept tcp [::]:9999: use of closed network connection
[evaæ—¥è®°]2022/11/05 - 18:30:20.201	[31merror[0m	/Users/bytedance/go/src/eva/core/server.go:43	accept tcp [::]:9999: use of closed network connection
[evaæ—¥è®°]2022/11/05 - 18:30:24.051	[31merror[0m	/Users/bytedance/go/src/eva/api/v1/system/sys_initdb.go:69	è‡ªåŠ¨åˆ›å»ºæ•°æ®å¤±è´¥!	{"error": "mysql config invalid"}
[evaæ—¥è®°]2022/11/05 - 18:34:36.506	[31merror[0m	/Users/bytedance/go/src/eva/api/v1/system/sys_initdb.go:69	è‡ªåŠ¨åˆ›å»ºæ•°æ®å¤±è´¥!	{"error": "mysql config invalid"}
[evaæ—¥è®°]2022/11/05 - 18:54:49.899	[31merror[0m	/Users/bytedance/go/src/eva/core/server.go:43	accept tcp [::]:9999: use of closed network connection
[evaæ—¥è®°]2022/11/05 - 18:54:57.718	[31merror[0m	/Users/bytedance/go/src/eva/api/v1/system/sys_initdb.go:69	è‡ªåŠ¨åˆ›å»ºæ•°æ®å¤±è´¥!	{"error": "æ— å¯ç”¨åˆå§‹åŒ–è¿‡ç¨‹ï¼Œè¯·æ£€æŸ¥åˆå§‹åŒ–æ˜¯å¦å·²æ‰§è¡Œå®Œæˆ"}
[evaæ—¥è®°]2022/11/05 - 19:06:48.510	[31merror[0m	/Users/bytedance/go/src/eva/core/server.go:43	accept tcp [::]:9999: use of closed network connection
[evaæ—¥è®°]2022/11/05 - 19:06:56.955	[31merror[0m	/Users/bytedance/go/src/eva/api/v1/system/sys_initdb.go:69	è‡ªåŠ¨åˆ›å»ºæ•°æ®å¤±è´¥!	{"error": "æ— å¯ç”¨åˆå§‹åŒ–è¿‡ç¨‹ï¼Œè¯·æ£€æŸ¥åˆå§‹åŒ–æ˜¯å¦å·²æ‰§è¡Œå®Œæˆ"}
[evaæ—¥è®°]2022/11/05 - 19:10:55.777	[31merror[0m	/Users/bytedance/go/src/eva/api/v1/system/sys_initdb.go:69	è‡ªåŠ¨åˆ›å»ºæ•°æ®å¤±è´¥!	{"error": "æ— å¯ç”¨åˆå§‹åŒ–è¿‡ç¨‹ï¼Œè¯·æ£€æŸ¥åˆå§‹åŒ–æ˜¯å¦å·²æ‰§è¡Œå®Œæˆ"}
[evaæ—¥è®°]2022/11/05 - 19:13:03.122	[31merror[0m	/Users/bytedance/go/src/eva/api/v1/system/sys_initdb.go:69	è‡ªåŠ¨åˆ›å»ºæ•°æ®å¤±è´¥!	{"error": "æ— å¯ç”¨åˆå§‹åŒ–è¿‡ç¨‹ï¼Œè¯·æ£€æŸ¥åˆå§‹åŒ–æ˜¯å¦å·²æ‰§è¡Œå®Œæˆ"}
[evaæ—¥è®°]2022/11/05 - 19:32:59.637	[31merror[0m	/Users/bytedance/go/src/eva/api/v1/system/sys_initdb.go:69	è‡ªåŠ¨åˆ›å»ºæ•°æ®å¤±è´¥!	{"error": "æ— å¯ç”¨åˆå§‹åŒ–è¿‡ç¨‹ï¼Œè¯·æ£€æŸ¥åˆå§‹åŒ–æ˜¯å¦å·²æ‰§è¡Œå®Œæˆ"}
[evaæ—¥è®°]2022/11/05 - 19:56:22.368	[31merror[0m	/Users/bytedance/go/src/eva/core/server.go:43	net.Listen error: listen tcp :9999: bind: address already in use
[evaæ—¥è®°]2022/11/05 - 19:56:38.085	[31merror[0m	/Users/bytedance/go/src/eva/core/server.go:43	accept tcp [::]:9999: use of closed network connection
[evaæ—¥è®°]2022/11/05 - 19:56:40.321	[31merror[0m	/Users/bytedance/go/src/eva/api/v1/system/sys_initdb.go:68	è‡ªåŠ¨åˆ›å»ºæ•°æ®å¤±è´¥!	{"error": "æ— å¯ç”¨åˆå§‹åŒ–è¿‡ç¨‹ï¼Œè¯·æ£€æŸ¥åˆå§‹åŒ–æ˜¯å¦å·²æ‰§è¡Œå®Œæˆ"}
[evaæ—¥è®°]2022/11/05 - 20:03:16.728	[31merror[0m	/Users/bytedance/go/src/eva/core/server.go:43	accept tcp [::]:9999: use of closed network connection
[evaæ—¥è®°]2022/11/05 - 20:03:21.667	[31merror[0m	/Users/bytedance/go/src/eva/api/v1/system/sys_initdb.go:68	è‡ªåŠ¨åˆ›å»ºæ•°æ®å¤±è´¥!	{"error": "æ— å¯ç”¨åˆå§‹åŒ–è¿‡ç¨‹ï¼Œè¯·æ£€æŸ¥åˆå§‹åŒ–æ˜¯å¦å·²æ‰§è¡Œå®Œæˆ"}
[evaæ—¥è®°]2022/11/05 - 20:05:15.601	[31merror[0m	/Users/bytedance/go/src/eva/api/v1/system/sys_initdb.go:68	è‡ªåŠ¨åˆ›å»ºæ•°æ®å¤±è´¥!	{"error": "æ— å¯ç”¨åˆå§‹åŒ–è¿‡ç¨‹ï¼Œè¯·æ£€æŸ¥åˆå§‹åŒ–æ˜¯å¦å·²æ‰§è¡Œå®Œæˆ"}
[evaæ—¥è®°]2022/11/05 - 20:36:45.614	[31merror[0m	/Users/bytedance/go/src/eva/core/server.go:43	accept tcp [::]:9999: use of closed network connection
[evaæ—¥è®°]2022/11/05 - 20:36:53.056	[31merror[0m	/Users/bytedance/go/src/eva/api/v1/system/sys_initdb.go:68	è‡ªåŠ¨åˆ›å»ºæ•°æ®å¤±è´¥!	{"error": "empty slice found"}
[evaæ—¥è®°]2022/11/05 - 20:43:33.893	[31merror[0m	/Users/bytedance/go/src/eva/core/server.go:43	accept tcp [::]:9999: use of closed network connection
