[eva日记]2023/03/03 - 11:12:13.843	[34minfo[0m	/Users/bytedance/go/src/eva/initialize/gorm.go:58	register table success
[eva日记]2023/03/03 - 11:12:13.857	[34minfo[0m	/Users/bytedance/go/src/eva/initialize/redis.go:22	redis connect ping response:	{"pong": "PONG"}
[eva日记]2023/03/03 - 11:12:13.857	[34minfo[0m	/Users/bytedance/go/src/eva/initialize/router.go:36	use middleware cors
[eva日记]2023/03/03 - 11:12:13.860	[34minfo[0m	/Users/bytedance/go/src/eva/initialize/router.go:86	router register success
[eva日记]2023/03/03 - 11:12:13.860	[34minfo[0m	/Users/bytedance/go/src/eva/core/server.go:35	server run success on 	{"address": ":9999"}
[eva日记]2023/03/03 - 12:25:58.064	[34minfo[0m	/Users/bytedance/go/src/eva/initialize/gorm.go:58	register table success
[eva日记]2023/03/03 - 12:25:58.072	[34minfo[0m	/Users/bytedance/go/src/eva/initialize/redis.go:22	redis connect ping response:	{"pong": "PONG"}
[eva日记]2023/03/03 - 12:25:58.072	[34minfo[0m	/Users/bytedance/go/src/eva/initialize/router.go:36	use middleware cors
[eva日记]2023/03/03 - 12:25:58.074	[34minfo[0m	/Users/bytedance/go/src/eva/initialize/router.go:86	router register success
[eva日记]2023/03/03 - 12:25:58.074	[34minfo[0m	/Users/bytedance/go/src/eva/core/server.go:35	server run success on 	{"address": ":9999"}
[eva日记]2023/03/03 - 12:26:19.739	[34minfo[0m	/Users/bytedance/go/src/eva/initialize/gorm.go:58	register table success
[eva日记]2023/03/03 - 12:26:19.747	[34minfo[0m	/Users/bytedance/go/src/eva/initialize/redis.go:22	redis connect ping response:	{"pong": "PONG"}
[eva日记]2023/03/03 - 12:26:19.747	[34minfo[0m	/Users/bytedance/go/src/eva/initialize/router.go:36	use middleware cors
[eva日记]2023/03/03 - 12:26:19.748	[34minfo[0m	/Users/bytedance/go/src/eva/initialize/router.go:86	router register success
[eva日记]2023/03/03 - 12:26:19.748	[34minfo[0m	/Users/bytedance/go/src/eva/core/server.go:35	server run success on 	{"address": ":9999"}
[eva日记]2023/03/03 - 12:31:59.046	[34minfo[0m	/Users/bytedance/go/src/eva/initialize/gorm.go:58	register table success
[eva日记]2023/03/03 - 12:31:59.053	[34minfo[0m	/Users/bytedance/go/src/eva/initialize/redis.go:22	redis connect ping response:	{"pong": "PONG"}
[eva日记]2023/03/03 - 12:31:59.053	[34minfo[0m	/Users/bytedance/go/src/eva/initialize/router.go:36	use middleware cors
[eva日记]2023/03/03 - 12:31:59.055	[34minfo[0m	/Users/bytedance/go/src/eva/initialize/router.go:86	router register success
[eva日记]2023/03/03 - 12:31:59.055	[34minfo[0m	/Users/bytedance/go/src/eva/core/server.go:35	server run success on 	{"address": ":9999"}
[eva日记]2023/03/03 - 14:15:06.223	[34minfo[0m	/Users/bytedance/go/src/eva/initialize/gorm.go:58	register table success
[eva日记]2023/03/03 - 14:15:06.236	[34minfo[0m	/Users/bytedance/go/src/eva/initialize/redis.go:22	redis connect ping response:	{"pong": "PONG"}
[eva日记]2023/03/03 - 14:15:06.236	[34minfo[0m	/Users/bytedance/go/src/eva/initialize/router.go:36	use middleware cors
[eva日记]2023/03/03 - 14:15:06.237	[34minfo[0m	/Users/bytedance/go/src/eva/initialize/router.go:86	router register success
[eva日记]2023/03/03 - 14:15:06.237	[34minfo[0m	/Users/bytedance/go/src/eva/core/server.go:35	server run success on 	{"address": ":9999"}
[eva日记]2023/03/03 - 17:12:48.082	[34minfo[0m	/Users/bytedance/go/src/eva/initialize/gorm.go:58	register table success
[eva日记]2023/03/03 - 17:12:48.087	[34minfo[0m	/Users/bytedance/go/src/eva/initialize/redis.go:22	redis connect ping response:	{"pong": "PONG"}
[eva日记]2023/03/03 - 17:12:48.088	[34minfo[0m	/Users/bytedance/go/src/eva/initialize/router.go:36	use middleware cors
[eva日记]2023/03/03 - 17:12:48.089	[34minfo[0m	/Users/bytedance/go/src/eva/initialize/router.go:86	router register success
[eva日记]2023/03/03 - 17:12:48.089	[34minfo[0m	/Users/bytedance/go/src/eva/core/server.go:35	server run success on 	{"address": ":9999"}
