[evaæ—¥è®°]2022/11/26 - 14:30:53.641	[31merror[0m	/Users/bytedance/go/src/eva/core/server.go:43	net.Listen error: listen tcp :9999: bind: address already in use
[evaæ—¥è®°]2022/11/26 - 14:31:16.343	[31merror[0m	/Users/bytedance/go/src/eva/core/server.go:43	accept tcp [::]:9999: use of closed network connection
[evaæ—¥è®°]2022/11/26 - 14:56:42.032	[31merror[0m	/Users/bytedance/go/src/eva/core/server.go:43	accept tcp [::]:9999: use of closed network connection
[evaæ—¥è®°]2022/11/26 - 15:06:32.028	[31merror[0m	/Users/bytedance/go/src/eva/core/server.go:43	accept tcp [::]:9999: use of closed network connection
[evaæ—¥è®°]2022/11/26 - 16:39:45.641	[31merror[0m	/Users/bytedance/go/src/eva/core/server.go:43	net.Listen error: listen tcp :9999: bind: address already in use
[evaæ—¥è®°]2022/11/26 - 16:49:27.535	[31merror[0m	/Users/bytedance/go/src/eva/core/server.go:43	accept tcp [::]:9999: use of closed network connection
[evaæ—¥è®°]2022/11/26 - 16:50:30.573	[31merror[0m	/Users/bytedance/go/src/eva/biz/api/v1/private/calendar.go:16	è¯·æ±‚å‚æ•°é”™è¯¯!
[evaæ—¥è®°]2022/11/26 - 16:51:57.701	[31merror[0m	/Users/bytedance/go/src/eva/core/server.go:43	accept tcp [::]:9999: use of closed network connection
[evaæ—¥è®°]2022/11/26 - 16:52:11.109	[31merror[0m	/Users/bytedance/go/src/eva/biz/api/v1/private/calendar.go:17	è¯·æ±‚å‚æ•°é”™è¯¯!	{"error": "parsing time \"\\\"2022-11-26 19:00:00\\\"\" as \"\\\"2006-01-02T15:04:05Z07:00\\\"\": cannot parse \" 19:00:00\\\"\" as \"T\""}
[evaæ—¥è®°]2022/11/26 - 17:03:24.454	[31merror[0m	/Users/bytedance/go/src/eva/biz/api/v1/private/calendar.go:17	è¯·æ±‚å‚æ•°é”™è¯¯!	{"error": "parsing time \"\\\"2022-00-Sa 19:11:00\\\"\": month out of range"}
[evaæ—¥è®°]2022/11/26 - 17:05:01.127	[31merror[0m	/Users/bytedance/go/src/eva/biz/api/v1/private/calendar.go:17	è¯·æ±‚å‚æ•°é”™è¯¯!	{"error": "parsing time \"\\\"Invalid date\\\"\" as \"\\\"2006-01-02T15:04:05Z07:00\\\"\": cannot parse \"Invalid date\\\"\" as \"2006\""}
[evaæ—¥è®°]2022/11/26 - 17:06:02.803	[31merror[0m	/Users/bytedance/go/src/eva/biz/api/v1/private/calendar.go:17	è¯·æ±‚å‚æ•°é”™è¯¯!	{"error": "parsing time \"\\\"Invalid date\\\"\" as \"\\\"2006-01-02T15:04:05Z07:00\\\"\": cannot parse \"Invalid date\\\"\" as \"2006\""}
[evaæ—¥è®°]2022/11/26 - 17:08:30.477	[31merror[0m	/Users/bytedance/go/src/eva/biz/api/v1/private/calendar.go:17	è¯·æ±‚å‚æ•°é”™è¯¯!	{"error": "parsing time \"\\\"2022-00-Sa 18:11:00\\\"\": month out of range"}
[evaæ—¥è®°]2022/11/26 - 17:09:23.822	[31merror[0m	/Users/bytedance/go/src/eva/biz/api/v1/private/calendar.go:17	è¯·æ±‚å‚æ•°é”™è¯¯!	{"error": "parsing time \"\\\"2022-11-26:18:00:00\\\"\" as \"\\\"2006-01-02T15:04:05Z07:00\\\"\": cannot parse \":18:00:00\\\"\" as \"T\""}
[evaæ—¥è®°]2022/11/26 - 17:19:22.753	[31merror[0m	/Users/bytedance/go/src/eva/core/server.go:43	accept tcp [::]:9999: use of closed network connection
[evaæ—¥è®°]2022/11/26 - 17:31:41.826	[31merror[0m	/Users/bytedance/go/src/eva/biz/api/v1/private/calendar.go:17	è¯·æ±‚å‚æ•°é”™è¯¯!	{"error": "json: cannot unmarshal array into Go struct field Calendar.pre_alert_time of type string"}
[evaæ—¥è®°]2022/11/26 - 17:35:02.105	[31merror[0m	/Users/bytedance/go/src/eva/core/server.go:43	accept tcp [::]:9999: use of closed network connection
[evaæ—¥è®°]2022/11/26 - 17:36:21.677	[31merror[0m	/Users/bytedance/go/src/eva/core/server.go:43	accept tcp [::]:9999: use of closed network connection
[evaæ—¥è®°]2022/11/26 - 17:43:31.347	[31merror[0m	/Users/bytedance/go/src/eva/biz/api/v1/private/calendar.go:17	è¯·æ±‚å‚æ•°é”™è¯¯!	{"error": "parsing time \"\\\"2022-11-26 11:45:00 +0000 UTC\\\"\" as \"\\\"2006-01-02T15:04:05Z07:00\\\"\": cannot parse \" 11:45:00 +0000 UTC\\\"\" as \"T\""}
[evaæ—¥è®°]2022/11/26 - 17:46:37.805	[31merror[0m	/Users/bytedance/go/src/eva/core/server.go:43	accept tcp [::]:9999: use of closed network connection
[evaæ—¥è®°]2022/11/26 - 17:49:48.163	[31merror[0m	/Users/bytedance/go/src/eva/core/server.go:43	accept tcp [::]:9999: use of closed network connection
[evaæ—¥è®°]2022/11/26 - 17:58:15.642	[31merror[0m	/Users/bytedance/go/src/eva/core/server.go:43	accept tcp [::]:9999: use of closed network connection
[evaæ—¥è®°]2022/11/26 - 18:05:36.344	[31merror[0m	/Users/bytedance/go/src/eva/core/server.go:43	accept tcp [::]:9999: use of closed network connection
[evaæ—¥è®°]2022/11/26 - 19:15:48.708	[31merror[0m	/Users/bytedance/go/src/eva/core/server.go:43	accept tcp [::]:9999: use of closed network connection
[evaæ—¥è®°]2022/11/26 - 19:34:30.765	[31merror[0m	/Users/bytedance/go/src/eva/core/server.go:43	accept tcp [::]:9999: use of closed network connection
[evaæ—¥è®°]2022/11/26 - 20:12:36.243	[31merror[0m	/Users/bytedance/go/src/eva/core/server.go:43	accept tcp [::]:9999: use of closed network connection
[evaæ—¥è®°]2022/11/26 - 20:13:01.585	[31merror[0m	/Users/bytedance/go/src/eva/biz/api/v1/private/calendar.go:30	å†…éƒ¨é”™è¯¯!	{"error": "Error 1054: Unknown column 'user_id' in 'where clause'"}
[evaæ—¥è®°]2022/11/26 - 20:14:48.395	[31merror[0m	/Users/bytedance/go/src/eva/core/server.go:43	accept tcp [::]:9999: use of closed network connection
[evaæ—¥è®°]2022/11/26 - 20:23:08.973	[31merror[0m	/Users/bytedance/go/src/eva/core/server.go:43	accept tcp [::]:9999: use of closed network connection
