[eva日记]2022/11/26 - 14:30:53.633	[34minfo[0m	/Users/bytedance/go/src/eva/initialize/gorm.go:55	register table success
[eva日记]2022/11/26 - 14:30:53.639	[34minfo[0m	/Users/bytedance/go/src/eva/initialize/redis.go:22	redis connect ping response:	{"pong": "PONG"}
[eva日记]2022/11/26 - 14:30:53.639	[34minfo[0m	/Users/bytedance/go/src/eva/initialize/router.go:34	use middleware cors
[eva日记]2022/11/26 - 14:30:53.641	[34minfo[0m	/Users/bytedance/go/src/eva/initialize/router.go:78	router register success
[eva日记]2022/11/26 - 14:30:53.641	[34minfo[0m	/Users/bytedance/go/src/eva/core/server.go:35	server run success on 	{"address": ":9999"}
[eva日记]2022/11/26 - 14:31:16.337	[34minfo[0m	/Users/bytedance/go/src/eva/initialize/gorm.go:55	register table success
[eva日记]2022/11/26 - 14:31:16.338	[34minfo[0m	/Users/bytedance/go/src/eva/initialize/redis.go:22	redis connect ping response:	{"pong": "PONG"}
[eva日记]2022/11/26 - 14:31:16.339	[34minfo[0m	/Users/bytedance/go/src/eva/initialize/router.go:34	use middleware cors
[eva日记]2022/11/26 - 14:31:16.339	[34minfo[0m	/Users/bytedance/go/src/eva/initialize/router.go:78	router register success
[eva日记]2022/11/26 - 14:31:16.339	[34minfo[0m	/Users/bytedance/go/src/eva/core/server.go:35	server run success on 	{"address": ":9999"}
[eva日记]2022/11/26 - 15:00:01.141	[34minfo[0m	/Users/bytedance/go/src/eva/initialize/gorm.go:55	register table success
[eva日记]2022/11/26 - 15:00:01.145	[34minfo[0m	/Users/bytedance/go/src/eva/initialize/redis.go:22	redis connect ping response:	{"pong": "PONG"}
[eva日记]2022/11/26 - 15:00:01.145	[34minfo[0m	/Users/bytedance/go/src/eva/initialize/router.go:34	use middleware cors
[eva日记]2022/11/26 - 15:00:01.146	[34minfo[0m	/Users/bytedance/go/src/eva/initialize/router.go:78	router register success
[eva日记]2022/11/26 - 15:00:01.146	[34minfo[0m	/Users/bytedance/go/src/eva/core/server.go:35	server run success on 	{"address": ":9999"}
[eva日记]2022/11/26 - 15:06:32.024	[34minfo[0m	/Users/bytedance/go/src/eva/initialize/gorm.go:55	register table success
[eva日记]2022/11/26 - 15:06:32.026	[34minfo[0m	/Users/bytedance/go/src/eva/initialize/redis.go:22	redis connect ping response:	{"pong": "PONG"}
[eva日记]2022/11/26 - 15:06:32.026	[34minfo[0m	/Users/bytedance/go/src/eva/initialize/router.go:34	use middleware cors
[eva日记]2022/11/26 - 15:06:32.027	[34minfo[0m	/Users/bytedance/go/src/eva/initialize/router.go:78	router register success
[eva日记]2022/11/26 - 15:06:32.028	[34minfo[0m	/Users/bytedance/go/src/eva/core/server.go:35	server run success on 	{"address": ":9999"}
[eva日记]2022/11/26 - 16:24:00.780	[34minfo[0m	/Users/bytedance/go/src/eva/initialize/gorm.go:57	register table success
[eva日记]2022/11/26 - 16:24:00.786	[34minfo[0m	/Users/bytedance/go/src/eva/initialize/redis.go:22	redis connect ping response:	{"pong": "PONG"}
[eva日记]2022/11/26 - 16:24:00.787	[34minfo[0m	/Users/bytedance/go/src/eva/initialize/router.go:35	use middleware cors
[eva日记]2022/11/26 - 16:24:00.789	[34minfo[0m	/Users/bytedance/go/src/eva/initialize/router.go:81	router register success
[eva日记]2022/11/26 - 16:24:00.789	[34minfo[0m	/Users/bytedance/go/src/eva/core/server.go:35	server run success on 	{"address": ":9999"}
[eva日记]2022/11/26 - 16:39:45.636	[34minfo[0m	/Users/bytedance/go/src/eva/initialize/gorm.go:57	register table success
[eva日记]2022/11/26 - 16:39:45.640	[34minfo[0m	/Users/bytedance/go/src/eva/initialize/redis.go:22	redis connect ping response:	{"pong": "PONG"}
[eva日记]2022/11/26 - 16:39:45.640	[34minfo[0m	/Users/bytedance/go/src/eva/initialize/router.go:35	use middleware cors
[eva日记]2022/11/26 - 16:39:45.641	[34minfo[0m	/Users/bytedance/go/src/eva/initialize/router.go:81	router register success
[eva日记]2022/11/26 - 16:39:45.641	[34minfo[0m	/Users/bytedance/go/src/eva/core/server.go:35	server run success on 	{"address": ":9999"}
[eva日记]2022/11/26 - 16:39:58.622	[34minfo[0m	/Users/bytedance/go/src/eva/initialize/gorm.go:57	register table success
[eva日记]2022/11/26 - 16:39:58.624	[34minfo[0m	/Users/bytedance/go/src/eva/initialize/redis.go:22	redis connect ping response:	{"pong": "PONG"}
[eva日记]2022/11/26 - 16:39:58.624	[34minfo[0m	/Users/bytedance/go/src/eva/initialize/router.go:35	use middleware cors
[eva日记]2022/11/26 - 16:39:58.625	[34minfo[0m	/Users/bytedance/go/src/eva/initialize/router.go:81	router register success
[eva日记]2022/11/26 - 16:39:58.625	[34minfo[0m	/Users/bytedance/go/src/eva/core/server.go:35	server run success on 	{"address": ":9999"}
[eva日记]2022/11/26 - 16:49:27.531	[34minfo[0m	/Users/bytedance/go/src/eva/initialize/gorm.go:57	register table success
[eva日记]2022/11/26 - 16:49:27.533	[34minfo[0m	/Users/bytedance/go/src/eva/initialize/redis.go:22	redis connect ping response:	{"pong": "PONG"}
[eva日记]2022/11/26 - 16:49:27.533	[34minfo[0m	/Users/bytedance/go/src/eva/initialize/router.go:35	use middleware cors
[eva日记]2022/11/26 - 16:49:27.534	[34minfo[0m	/Users/bytedance/go/src/eva/initialize/router.go:83	router register success
[eva日记]2022/11/26 - 16:49:27.534	[34minfo[0m	/Users/bytedance/go/src/eva/core/server.go:35	server run success on 	{"address": ":9999"}
[eva日记]2022/11/26 - 16:51:57.697	[34minfo[0m	/Users/bytedance/go/src/eva/initialize/gorm.go:57	register table success
[eva日记]2022/11/26 - 16:51:57.700	[34minfo[0m	/Users/bytedance/go/src/eva/initialize/redis.go:22	redis connect ping response:	{"pong": "PONG"}
[eva日记]2022/11/26 - 16:51:57.700	[34minfo[0m	/Users/bytedance/go/src/eva/initialize/router.go:35	use middleware cors
[eva日记]2022/11/26 - 16:51:57.700	[34minfo[0m	/Users/bytedance/go/src/eva/initialize/router.go:83	router register success
[eva日记]2022/11/26 - 16:51:57.701	[34minfo[0m	/Users/bytedance/go/src/eva/core/server.go:35	server run success on 	{"address": ":9999"}
[eva日记]2022/11/26 - 17:30:05.511	[34minfo[0m	/Users/bytedance/go/src/eva/initialize/gorm.go:57	register table success
[eva日记]2022/11/26 - 17:30:05.515	[34minfo[0m	/Users/bytedance/go/src/eva/initialize/redis.go:22	redis connect ping response:	{"pong": "PONG"}
[eva日记]2022/11/26 - 17:30:05.515	[34minfo[0m	/Users/bytedance/go/src/eva/initialize/router.go:35	use middleware cors
[eva日记]2022/11/26 - 17:30:05.518	[34minfo[0m	/Users/bytedance/go/src/eva/initialize/router.go:83	router register success
[eva日记]2022/11/26 - 17:30:05.518	[34minfo[0m	/Users/bytedance/go/src/eva/core/server.go:35	server run success on 	{"address": ":9999"}
[eva日记]2022/11/26 - 17:35:02.101	[34minfo[0m	/Users/bytedance/go/src/eva/initialize/gorm.go:57	register table success
[eva日记]2022/11/26 - 17:35:02.103	[34minfo[0m	/Users/bytedance/go/src/eva/initialize/redis.go:22	redis connect ping response:	{"pong": "PONG"}
[eva日记]2022/11/26 - 17:35:02.103	[34minfo[0m	/Users/bytedance/go/src/eva/initialize/router.go:35	use middleware cors
[eva日记]2022/11/26 - 17:35:02.104	[34minfo[0m	/Users/bytedance/go/src/eva/initialize/router.go:83	router register success
[eva日记]2022/11/26 - 17:35:02.104	[34minfo[0m	/Users/bytedance/go/src/eva/core/server.go:35	server run success on 	{"address": ":9999"}
[eva日记]2022/11/26 - 17:36:21.674	[34minfo[0m	/Users/bytedance/go/src/eva/initialize/gorm.go:57	register table success
[eva日记]2022/11/26 - 17:36:21.676	[34minfo[0m	/Users/bytedance/go/src/eva/initialize/redis.go:22	redis connect ping response:	{"pong": "PONG"}
[eva日记]2022/11/26 - 17:36:21.676	[34minfo[0m	/Users/bytedance/go/src/eva/initialize/router.go:35	use middleware cors
[eva日记]2022/11/26 - 17:36:21.677	[34minfo[0m	/Users/bytedance/go/src/eva/initialize/router.go:83	router register success
[eva日记]2022/11/26 - 17:36:21.677	[34minfo[0m	/Users/bytedance/go/src/eva/core/server.go:35	server run success on 	{"address": ":9999"}
[eva日记]2022/11/26 - 17:46:37.802	[34minfo[0m	/Users/bytedance/go/src/eva/initialize/gorm.go:57	register table success
[eva日记]2022/11/26 - 17:46:37.804	[34minfo[0m	/Users/bytedance/go/src/eva/initialize/redis.go:22	redis connect ping response:	{"pong": "PONG"}
[eva日记]2022/11/26 - 17:46:37.804	[34minfo[0m	/Users/bytedance/go/src/eva/initialize/router.go:35	use middleware cors
[eva日记]2022/11/26 - 17:46:37.804	[34minfo[0m	/Users/bytedance/go/src/eva/initialize/router.go:83	router register success
[eva日记]2022/11/26 - 17:46:37.805	[34minfo[0m	/Users/bytedance/go/src/eva/core/server.go:35	server run success on 	{"address": ":9999"}
[eva日记]2022/11/26 - 17:49:48.160	[34minfo[0m	/Users/bytedance/go/src/eva/initialize/gorm.go:57	register table success
[eva日记]2022/11/26 - 17:49:48.162	[34minfo[0m	/Users/bytedance/go/src/eva/initialize/redis.go:22	redis connect ping response:	{"pong": "PONG"}
[eva日记]2022/11/26 - 17:49:48.162	[34minfo[0m	/Users/bytedance/go/src/eva/initialize/router.go:35	use middleware cors
[eva日记]2022/11/26 - 17:49:48.162	[34minfo[0m	/Users/bytedance/go/src/eva/initialize/router.go:83	router register success
[eva日记]2022/11/26 - 17:49:48.163	[34minfo[0m	/Users/bytedance/go/src/eva/core/server.go:35	server run success on 	{"address": ":9999"}
[eva日记]2022/11/26 - 17:58:15.638	[34minfo[0m	/Users/bytedance/go/src/eva/initialize/gorm.go:57	register table success
[eva日记]2022/11/26 - 17:58:15.640	[34minfo[0m	/Users/bytedance/go/src/eva/initialize/redis.go:22	redis connect ping response:	{"pong": "PONG"}
[eva日记]2022/11/26 - 17:58:15.640	[34minfo[0m	/Users/bytedance/go/src/eva/initialize/router.go:35	use middleware cors
[eva日记]2022/11/26 - 17:58:15.641	[34minfo[0m	/Users/bytedance/go/src/eva/initialize/router.go:83	router register success
[eva日记]2022/11/26 - 17:58:15.641	[34minfo[0m	/Users/bytedance/go/src/eva/core/server.go:35	server run success on 	{"address": ":9999"}
[eva日记]2022/11/26 - 18:05:36.341	[34minfo[0m	/Users/bytedance/go/src/eva/initialize/gorm.go:57	register table success
[eva日记]2022/11/26 - 18:05:36.343	[34minfo[0m	/Users/bytedance/go/src/eva/initialize/redis.go:22	redis connect ping response:	{"pong": "PONG"}
[eva日记]2022/11/26 - 18:05:36.343	[34minfo[0m	/Users/bytedance/go/src/eva/initialize/router.go:35	use middleware cors
[eva日记]2022/11/26 - 18:05:36.344	[34minfo[0m	/Users/bytedance/go/src/eva/initialize/router.go:83	router register success
[eva日记]2022/11/26 - 18:05:36.344	[34minfo[0m	/Users/bytedance/go/src/eva/core/server.go:35	server run success on 	{"address": ":9999"}
[eva日记]2022/11/26 - 19:15:48.704	[34minfo[0m	/Users/bytedance/go/src/eva/initialize/gorm.go:57	register table success
[eva日记]2022/11/26 - 19:15:48.706	[34minfo[0m	/Users/bytedance/go/src/eva/initialize/redis.go:22	redis connect ping response:	{"pong": "PONG"}
[eva日记]2022/11/26 - 19:15:48.707	[34minfo[0m	/Users/bytedance/go/src/eva/initialize/router.go:35	use middleware cors
[eva日记]2022/11/26 - 19:15:48.707	[34minfo[0m	/Users/bytedance/go/src/eva/initialize/router.go:83	router register success
[eva日记]2022/11/26 - 19:15:48.708	[34minfo[0m	/Users/bytedance/go/src/eva/core/server.go:35	server run success on 	{"address": ":9999"}
[eva日记]2022/11/26 - 19:34:30.761	[34minfo[0m	/Users/bytedance/go/src/eva/initialize/gorm.go:57	register table success
[eva日记]2022/11/26 - 19:34:30.763	[34minfo[0m	/Users/bytedance/go/src/eva/initialize/redis.go:22	redis connect ping response:	{"pong": "PONG"}
[eva日记]2022/11/26 - 19:34:30.763	[34minfo[0m	/Users/bytedance/go/src/eva/initialize/router.go:35	use middleware cors
[eva日记]2022/11/26 - 19:34:30.764	[34minfo[0m	/Users/bytedance/go/src/eva/initialize/router.go:83	router register success
[eva日记]2022/11/26 - 19:34:30.765	[34minfo[0m	/Users/bytedance/go/src/eva/core/server.go:35	server run success on 	{"address": ":9999"}
[eva日记]2022/11/26 - 20:12:36.240	[34minfo[0m	/Users/bytedance/go/src/eva/initialize/gorm.go:57	register table success
[eva日记]2022/11/26 - 20:12:36.242	[34minfo[0m	/Users/bytedance/go/src/eva/initialize/redis.go:22	redis connect ping response:	{"pong": "PONG"}
[eva日记]2022/11/26 - 20:12:36.242	[34minfo[0m	/Users/bytedance/go/src/eva/initialize/router.go:35	use middleware cors
[eva日记]2022/11/26 - 20:12:36.242	[34minfo[0m	/Users/bytedance/go/src/eva/initialize/router.go:83	router register success
[eva日记]2022/11/26 - 20:12:36.243	[34minfo[0m	/Users/bytedance/go/src/eva/core/server.go:35	server run success on 	{"address": ":9999"}
[eva日记]2022/11/26 - 20:14:48.392	[34minfo[0m	/Users/bytedance/go/src/eva/initialize/gorm.go:57	register table success
[eva日记]2022/11/26 - 20:14:48.393	[34minfo[0m	/Users/bytedance/go/src/eva/initialize/redis.go:22	redis connect ping response:	{"pong": "PONG"}
[eva日记]2022/11/26 - 20:14:48.394	[34minfo[0m	/Users/bytedance/go/src/eva/initialize/router.go:35	use middleware cors
[eva日记]2022/11/26 - 20:14:48.394	[34minfo[0m	/Users/bytedance/go/src/eva/initialize/router.go:83	router register success
[eva日记]2022/11/26 - 20:14:48.395	[34minfo[0m	/Users/bytedance/go/src/eva/core/server.go:35	server run success on 	{"address": ":9999"}
[eva日记]2022/11/26 - 20:23:08.969	[34minfo[0m	/Users/bytedance/go/src/eva/initialize/gorm.go:57	register table success
[eva日记]2022/11/26 - 20:23:08.971	[34minfo[0m	/Users/bytedance/go/src/eva/initialize/redis.go:22	redis connect ping response:	{"pong": "PONG"}
[eva日记]2022/11/26 - 20:23:08.971	[34minfo[0m	/Users/bytedance/go/src/eva/initialize/router.go:35	use middleware cors
[eva日记]2022/11/26 - 20:23:08.972	[34minfo[0m	/Users/bytedance/go/src/eva/initialize/router.go:83	router register success
[eva日记]2022/11/26 - 20:23:08.972	[34minfo[0m	/Users/bytedance/go/src/eva/core/server.go:35	server run success on 	{"address": ":9999"}
